notag:69	24	2	0	*		+
notag:154	4	6	0	*		+
notag:179	17	2	0	*	어.ecx	+
replace tag:179	17	2	0	*	어.	ecx	+
notag:179	17	3	0	*		.
notag:304	4	5	0	*		+
notag:741	2	4	0	*		+
notag:873	5	2	0	*		+
notag:1031	12	2	0	*	하xsm	+
replace tag:1031	12	2	0	*	하	xsm	+
notag:1031	12	3	0	*		.
notag:1043	5	4	0	*	요jxf	.
replace tag:1043	5	4	0	*	요	jxf	.
notag:1079	3	2	0	*		+
notag:1141	2	1	0	10055	하여간	-
notag:1612	1	2	0	*		+
notag:1935	9	1	0	16568	않아	-
notag:2169	3	4	0	*	ecx	+
replace tag:2169	3	4	0	*		ecx	+
notag:2169	3	5	0	*		.
notag:2501	2	3	0	*	는jxc	.
replace tag:2501	2	3	0	*	는	jxc	.
notag:3106	2	2	0	*	터	+
notag:3491	13	3	0	*		+
notag:3498	4	1	0	봉하고	봉하pvg	+
replace tag:3498	4	1	0	봉하고	봉하	pvg	+
notag:3498	4	2	0	*		.
notag:4413	3	1	0	그런	그런mmd	-
replace tag:4413	3	1	0	그런	그런	mmd	-
notag:4467	1	1	0			-
