notag:1	2	1	0			-
notag:2	1	1	0			-
notag:3	1	1	0			-
notag:3	8	1	0			-
notag:4	1	1	0			-
notag:5	1	1	0			-
notag:6	1	1	0			-
notag:7	1	1	0			-
notag:8	1	1	0			-
notag:9	1	1	0			-
notag:10	1	1	0			-
notag:11	1	1	0			-
notag:12	1	1	0			-
notag:13	1	1	0			-
notag:14	1	1	0			-
notag:15	1	1	0			-
notag:16	1	1	0			-
notag:17	1	1	0			-
notag:18	1	1	0			-
notag:19	1	1	0			-
notag:20	1	1	0			-
notag:21	1	1	0			-
notag:22	1	1	0			-
notag:23	1	1	0			-
notag:24	1	1	0			-
notag:25	1	1	0			-
notag:26	1	1	0			-
notag:27	1	1	0			-
notag:28	1	1	0			-
notag:29	1	1	0			-
notag:30	1	1	0			-
notag:31	1	1	0			-
notag:32	1	1	0			-
notag:33	1	1	0			-
notag:35	1	1	0			-
notag:36	1	1	0			-
notag:37	1	1	0			-
notag:38	1	1	0			-
notag:39	1	1	0			-
notag:40	1	1	0			-
notag:41	1	1	0			-
notag:42	1	1	0			-
notag:43	1	1	0			-
notag:44	1	1	0			-
notag:45	1	1	0			-
notag:45	11	1	0			-
notag:46	1	1	0			-
notag:47	1	1	0			-
notag:48	1	1	0			-
notag:49	1	1	0			-
notag:50	1	1	0			-
notag:51	1	1	0			-
notag:52	1	1	0			-
notag:53	1	1	0			-
notag:54	1	1	0			-
notag:55	1	1	0			-
notag:56	1	1	0			-
notag:57	1	1	0			-
notag:58	1	1	0			-
notag:59	1	1	0			-
notag:60	1	1	0			-
notag:61	1	1	0			-
notag:62	1	1	0			-
notag:63	1	1	0			-
notag:64	1	1	0			-
notag:65	1	1	0			-
notag:66	1	1	0			-
notag:67	1	1	0			-
notag:68	1	1	0			-
notag:69	1	1	0			-
notag:70	1	1	0			-
notag:71	1	1	0			-
notag:72	1	1	0			-
notag:73	1	1	0			-
notag:74	1	1	0			-
notag:75	1	1	0			-
notag:76	1	1	0			-
notag:77	1	1	0			-
notag:78	1	1	0			-
notag:79	1	1	0			-
notag:80	1	1	0			-
notag:81	1	1	0			-
notag:82	1	1	0			-
notag:83	1	1	0			-
notag:84	1	1	0			-
notag:85	1	1	0			-
notag:86	1	1	0			-
notag:87	1	1	0			-
notag:88	1	1	0			-
notag:89	1	1	0			-
notag:90	1	1	0			-
notag:91	1	1	0			-
notag:92	1	1	0			-
notag:93	1	1	0			-
notag:94	1	1	0			-
notag:95	1	1	0			-
notag:96	1	1	0			-
notag:97	1	1	0			-
notag:98	1	1	0			-
notag:99	1	1	0			-
notag:100	1	1	0			-
notag:101	1	1	0			-
notag:102	1	1	0			-
notag:102	6	2	0	*		+
notag:103	1	1	0			-
notag:104	1	1	0			-
notag:105	1	1	0			-
notag:106	1	1	0			-
notag:107	1	1	0			-
notag:108	1	1	0			-
notag:109	1	1	0			-
notag:110	1	1	0			-
notag:111	1	1	0			-
notag:112	1	1	0			-
notag:113	1	1	0			-
notag:114	1	1	0			-
notag:115	1	1	0			-
notag:116	1	1	0			-
notag:117	1	1	0			-
notag:118	1	1	0			-
notag:119	1	1	0			-
notag:120	1	1	0			-
notag:121	1	1	0			-
notag:122	1	1	0			-
notag:123	1	1	0			-
notag:124	1	1	0			-
notag:125	1	1	0			-
notag:126	1	1	0			-
notag:127	1	1	0			-
notag:128	1	1	0			-
notag:129	1	1	0			-
notag:130	1	1	0			-
notag:131	1	1	0			-
notag:132	1	1	0			-
notag:133	1	1	0			-
notag:134	1	1	0			-
notag:135	1	1	0			-
notag:136	1	1	0			-
notag:137	1	1	0			-
notag:138	1	1	0			-
notag:139	1	1	0			-
notag:140	1	1	0			-
notag:141	1	1	0			-
notag:142	1	1	0			-
notag:142	19	3	0	*	À»jco	.
replace tag:142	19	3	0	*	À»	jco	.
notag:143	1	1	0			-
notag:144	1	1	0			-
notag:145	1	1	0			-
notag:146	1	1	0			-
notag:147	1	1	0			-
notag:148	1	1	0			-
notag:149	1	1	0			-
notag:150	1	1	0			-
notag:151	1	1	0			-
notag:152	1	1	0			-
notag:153	1	1	0			-
notag:154	1	1	0			-
notag:155	1	1	0			-
notag:156	1	1	0			-
notag:157	1	1	0			-
notag:158	1	1	0			-
notag:159	1	1	0			-
notag:160	1	1	0			-
notag:161	1	1	0			-
notag:162	1	1	0			-
notag:163	1	1	0			-
notag:164	1	1	0			-
notag:165	1	1	0			-
notag:166	1	1	0			-
notag:167	1	1	0			-
notag:168	1	1	0			-
notag:169	1	1	0			-
notag:170	1	1	0			-
notag:171	1	1	0			-
notag:172	1	1	0			-
notag:173	1	1	0			-
notag:174	1	1	0			-
notag:175	1	1	0			-
notag:176	1	1	0			-
notag:177	1	1	0			-
notag:178	1	1	0			-
notag:179	1	1	0			-
notag:180	1	1	0			-
notag:181	1	1	0			-
notag:182	1	1	0			-
notag:183	1	1	0			-
notag:184	1	1	0			-
notag:185	1	1	0			-
notag:186	1	1	0			-
notag:187	1	1	0			-
notag:188	1	1	0			-
notag:189	1	1	0			-
notag:190	1	1	0			-
notag:191	1	1	0			-
notag:192	1	1	0			-
notag:193	1	1	0			-
notag:194	1	1	0			-
notag:195	1	1	0			-
notag:196	1	1	0			-
notag:197	1	1	0			-
notag:198	1	1	0			-
notag:199	1	1	0			-
notag:200	1	1	0			-
notag:201	1	1	0			-
notag:202	1	1	0			-
notag:203	1	1	0			-
notag:204	1	1	0			-
notag:205	1	1	0			-
notag:206	1	1	0			-
notag:207	1	1	0			-
notag:208	1	1	0			-
notag:209	1	1	0			-
notag:210	1	1	0			-
notag:211	1	1	0			-
notag:212	1	1	0			-
notag:213	1	1	0			-
notag:214	1	1	0			-
notag:215	1	1	0			-
notag:216	1	1	0			-
notag:217	1	1	0			-
notag:218	1	1	0			-
notag:219	1	1	0			-
notag:220	1	1	0			-
notag:221	1	1	0			-
notag:222	1	1	0			-
notag:223	1	1	0			-
notag:224	1	1	0			-
notag:225	1	1	0			-
notag:226	1	1	0			-
notag:227	1	1	0			-
notag:228	1	1	0			-
notag:229	1	1	0			-
notag:230	1	1	0			-
notag:231	1	1	0			-
notag:232	1	1	0			-
notag:233	1	1	0			-
notag:234	1	1	0			-
notag:235	1	1	0			-
notag:236	1	1	0			-
notag:237	1	1	0			-
notag:238	1	1	0			-
notag:239	1	1	0			-
notag:240	1	1	0			-
notag:241	1	1	0			-
notag:242	1	1	0			-
notag:243	1	1	0			-
notag:244	1	1	0			-
notag:245	1	1	0			-
notag:246	1	1	0			-
notag:248	1	1	0			-
notag:249	1	1	0			-
notag:250	1	1	0			-
