notag:2	38	3	0	*		+
notag:3	9	3	0	*		+
notag:6	17	3	0	*		+
notag:6	26	3	0	*		+
notag:7	2	3	0	*		+
notag:7	6	3	0	*		+
notag:8	16	3	0	*		+
notag:11	20	3	0	*		+
notag:12	5	3	0	*		+
notag:13	3	5	0	*		+
notag:14	14	3	0	*		+
notag:20	5	4	0	*		+
notag:23	27	3	0	*		+
notag:25	18	4	0	*		+
notag:25	24	3	0	*		+
notag:27	32	3	0	*		+
notag:28	21	3	0	*		+
notag:28	22	3	0	*		+
notag:29	5	3	0	*		+
notag:32	14	3	0	*		+
notag:32	15	3	0	*		+
notag:33	13	3	0	*		+
notag:35	23	3	0	*		+
notag:37	10	3	0	*		+
notag:39	8	3	0	*		+
notag:41	23	3	0	*		+
notag:42	17	3	0	*		+
notag:43	19	4	0	*		+
notag:43	25	3	0	*		+
notag:44	27	3	0	*		+
notag:45	5	3	0	*		+
notag:45	7	3	0	*		+
notag:47	11	3	0	*		+
notag:47	16	3	0	*		+
notag:49	4	4	0	*		+
notag:49	15	4	0	*		+
notag:51	17	3	0	*		+
notag:52	7	4	0	*		+
notag:52	8	3	0	*		+
notag:55	5	4	0	*		+
notag:55	10	3	0	*		+
notag:57	5	3	0	*		+
notag:60	6	3	0	*		+
notag:60	12	4	0	*		+
notag:60	12	6	0	*	¿∏π«	.
notag:61	5	3	0	*		+
notag:61	11	3	0	*		+
notag:62	7	3	0	*		+
notag:66	11	3	0	*		+
notag:71	4	3	0	*		+
notag:72	9	3	0	*		+
notag:73	6	3	0	*		+
notag:74	12	3	0	*		+
notag:74	13	3	0	*		+
notag:75	22	3	0	*		+
notag:75	31	3	0	*		+
notag:76	26	3	0	*		+
notag:77	32	3	0	*		+
notag:78	6	3	0	*		+
notag:78	16	3	0	*		+
notag:82	15	2	0	*		+
notag:84	5	3	0	*		+
notag:85	11	3	0	*		+
notag:86	20	3	0	*		+
notag:86	21	3	0	*		+
notag:88	25	3	0	*		+
notag:90	24	3	0	*		+
notag:90	37	3	0	*		+
notag:91	36	3	0	*		+
notag:92	8	2	0	*		+
notag:92	13	3	0	*		+
notag:93	10	3	0	*		+
notag:97	4	3	0	*		+
notag:98	26	3	0	*		+
notag:100	6	3	0	*		+
notag:103	11	3	0	*		+
notag:105	7	3	0	*		+
notag:106	24	3	0	*		+
notag:108	8	3	0	*		+
notag:111	12	3	0	*		+
notag:112	13	3	0	*		+
notag:113	11	4	0	*		+
notag:119	6	3	0	*		+
notag:120	16	3	0	*		+
notag:122	40	3	0	*		+
notag:123	17	3	0	*		+
notag:127	14	3	0	*		+
notag:133	29	3	0	*		+
notag:135	8	3	0	*		+
notag:139	15	3	0	*		+
notag:143	2	2	0	*		+
notag:144	7	3	0	*		+
notag:149	4	4	0	*		+
notag:149	10	3	0	*		+
notag:150	2	3	0	*		+
notag:150	13	3	0	*		+
notag:150	14	3	0	*		+
notag:151	20	3	0	*		+
notag:151	21	3	0	*		+
notag:152	11	3	0	*		+
notag:152	12	3	0	*		+
notag:153	17	3	0	*		+
notag:155	2	3	0	*		+
notag:155	3	3	0	*		+
notag:160	30	3	0	*		+
notag:160	33	3	0	*		+
notag:161	16	3	0	*		+
notag:164	16	3	0	*		+
notag:165	13	3	0	*		+
notag:167	19	4	0	*		+
notag:167	29	4	0	*		+
notag:167	30	3	0	*		+
notag:169	4	3	0	*		+
notag:169	24	3	0	*		+
notag:169	41	3	0	*		+
notag:170	14	3	0	*		+
notag:170	19	3	0	*		+
notag:172	9	3	0	*		+
notag:173	3	3	0	*		+
notag:174	2	3	0	*		+
notag:175	2	3	0	*		+
notag:177	3	3	0	*		+
notag:177	4	3	0	*		+
notag:178	8	3	0	*		+
notag:180	15	3	0	*		+
notag:181	21	3	0	*		+
notag:183	4	3	0	*		+
notag:184	23	3	0	*		+
notag:185	16	4	0	*		+
notag:186	5	3	0	*		+
notag:186	6	3	0	*		+
notag:187	27	3	0	*		+
notag:187	28	3	0	*		+
notag:190	9	3	0	*		+
notag:190	11	3	0	*		+
notag:190	19	3	0	*		+
notag:269	20	3	0	*		.
notag:476	2	2	0	*	≥™pvg	+
replace tag:476	2	2	0	*	≥™	pvg	+
notag:476	2	3	0	*		.
notag:507	26	1	0	¡ÀªÁ«‘¿ª	¡Àncn	+
replace tag:507	26	1	0	¡ÀªÁ«‘¿ª	¡À	ncn	+
notag:507	26	2	0	*		.
notag:531	41	1	0	007556600	¿∞	-
notag:551	6	7	0	*		.
notag:793	9	7	0	*	§≤	.
notag:805	6	7	0	*		.
notag:825	2	1	0	∂•¿ßø°º≠¿«	∂•ncn	+
replace tag:825	2	1	0	∂•¿ßø°º≠¿«	∂•	ncn	+
notag:825	2	2	0	*		.
notag:896	74	4	0	*		+
notag:914	4	3	0	*	Ω√ep	+
replace tag:914	4	3	0	*	Ω√	ep	+
notag:914	4	4	0	*		.
notag:1047	9	7	0	*	§≤	.
