notag:1	1	1	0			-
notag:1	19	1	0			-
notag:2	8	1	0	한국어	한국어nq	-
replace tag:2	8	1	0	한국어	한국어	nq	-
notag:36	16	2	0	*		.
notag:112	2	2	0	*		+
notag:112	12	2	0	*		+
notag:112	12	5	0	*		+
notag:112	18	2	0	*		+
notag:112	53	2	0	*		+
notag:112	68	2	0	*		+
notag:112	68	5	0	*		+
notag:112	122	2	0	*		+
notag:112	151	2	0	*		+
notag:112	160	2	0	*		+
notag:112	161	2	0	*		+
notag:112	200	2	0	*		+
notag:112	210	2	0	*		+
notag:112	217	2	0	*		+
notag:112	218	2	0	*		+
notag:112	219	2	0	*		+
notag:120	8	2	0	*		+
notag:121	12	2	0	*		+
notag:125	5	2	0	*		+
notag:125	15	2	0	*		+
notag:125	19	2	0	*		+
notag:125	34	2	0	*		+
notag:129	6	2	0	*		+
notag:129	6	5	0	*		+
notag:129	41	2	0	*		+
notag:129	53	2	0	*		+
notag:174	6	1	0	관계절의	관계ncn	+
replace tag:174	6	1	0	관계절의	관계	ncn	+
notag:174	6	2	0	*		.
notag:183	7	2	0	*		+
notag:189	18	2	0	*		+
notag:189	22	2	0	*		+
notag:189	41	2	0	*		+
notag:220	16	1	0	Kuno	Kuno	-
notag:232	14	1	0	Kuno	Kuno	-
notag:248	25	1	0	5772		+
notag:248	25	2	0	*	-----------------------------------	.
notag:248	26	1	0	+-------+		+
notag:248	39	2	0	*		+
notag:251	29	1	0	5872		+
notag:251	29	2	0	*	-------------------------------------------------	+
notag:251	29	3	0	*		+
notag:251	29	4	0	*	-	.
notag:251	43	2	0	*		+
notag:558	28	1	0	보문소	보문소	-
notag:617	6	1	0	이	이jcs	-
replace tag:617	6	1	0	이	이	jcs	-
notag:660	5	2	0	*		+
notag:660	25	2	0	*		+
notag:660	31	2	0	*		+
notag:660	33	2	0	*		+
notag:660	68	2	0	*		+
notag:732	10	1	0	Kameyama	Kameyama	-
notag:799	30	2	0	*		+
notag:799	30	5	0	*	sd	+
replace tag:799	30	5	0	*		sd	+
notag:799	30	6	0	*		.
notag:799	47	2	0	*		+
notag:799	49	2	0	*		+
notag:801	36	2	0	*		+
notag:808	21	2	0	*		+
notag:808	33	2	0	*		+
notag:808	69	2	0	*		+
notag:812	11	2	0	*		+
notag:812	14	2	0	*		+
notag:859	1	1	0	Keenan	Keenan	-
notag:878	43	1	0	(	(	-
notag:878	52	1	0	<	<	-
notag:911	5	4	0	*	tm	.
notag:964	17	1	0	에서는	에서jca	+
replace tag:964	17	1	0	에서는	에서	jca	+
notag:964	17	2	0	*		.
notag:965	9	2	0	*		+
notag:968	13	2	0	*		+
notag:970	4	2	0	*		+
notag:981	8	2	0	*		+
notag:985	4	2	0	*		+
notag:986	6	2	0	*		+
notag:995	6	2	0	*		+
notag:1010	8	2	0	*		+
notag:1029	18	1	0	21161	--------------------------------------	-
notag:1155	48	1	0	이	이jcs	-
replace tag:1155	48	1	0	이	이	jcs	-
notag:1273	14	2	0	*		+
notag:1527	23	2	0	*		+
notag:1527	28	2	0	*		+
notag:1528	16	2	0	*		+
notag:1537	6	2	0	*		+
notag:1537	11	2	0	*		+
notag:1627	18	2	0	*		+
notag:1684	7	1	0	Keenan	Keenan	-
notag:2041	17	3	0	*		+
notag:2096	13	1	0	Kuno	Kuno	-
notag:2100	1	1	0	Kuno	Kuno	-
notag:2117	20	1	0	Kuno	Kuno	-
notag:2190	2	1	0	고픈	고프paa	+
replace tag:2190	2	1	0	고픈	고프	paa	+
notag:2190	2	2	0	*		.
notag:2257	9	3	0	*		+
notag:2257	16	3	0	*		+
notag:2263	5	2	0	*		+
notag:2318	14	2	0	*		+
notag:2592	21	1	0	결합가원리	결합가ncn	+
replace tag:2592	21	1	0	결합가원리	결합가	ncn	+
notag:2592	21	2	0	*		.
notag:2609	6	2	0	*		+
notag:2609	6	5	0	*		+
notag:2609	39	2	0	*		+
notag:2609	48	2	0	*		+
notag:2641	1	1	0	Kimi	Kimi	-
notag:2646	1	1	0	It	Kim	-
notag:2648	1	1	0	[	Kim	-
notag:2670	32	2	0	*	관계	.
notag:2698	4	1	0	무경계	무xp	+
replace tag:2698	4	1	0	무경계	무	xp	+
notag:2698	4	2	0	*		.
notag:2808	28	2	0	*		+
notag:2808	35	3	0	*		+
notag:2808	47	2	0	*		+
notag:2808	63	4	0	*		+
notag:2818	37	2	0	*		+
notag:2818	45	4	0	*		+
notag:2818	98	1	0	|	Kim	-
notag:2823	115	2	0	*		+
notag:2823	123	4	0	*		+
notag:2823	160	1	0	|	Kim	-
notag:2829	66	1	0	|	Kim	-
notag:2867	1	1	0	(	Korean	-
notag:2957	17	2	0	*		+
notag:2989	264	1	0			-
notag:2989	298	1	0			-
notag:3019	12	1	0	+--		+
notag:3019	13	2	0	*		+
notag:3021	16	2	0	*		+
notag:3021	18	2	0	*		+
notag:3146	11	2	0	*		+
notag:3195	10	1	0	+--		+
notag:3195	53	2	0	*		+
notag:3195	89	2	0	*		+
notag:3195	91	2	0	*		+
notag:3195	111	1	0	+---		+
notag:3195	114	2	0	*		+
notag:3195	114	4	0	*		+
notag:3195	115	2	0	*		+
notag:3200	26	1	0	+--		+
notag:3200	27	2	0	*		+
notag:3200	61	2	0	*		+
notag:3200	64	2	0	*		+
notag:3200	84	1	0	+---		+
notag:3200	87	1	0	--++	--	+
notag:3200	87	2	0	*		+
notag:3200	88	2	0	*		+
notag:3228	10	2	0	*		+
notag:3228	12	2	0	*		+
notag:3228	44	2	0	*		+
notag:3264	10	2	0	*		+
notag:3264	12	2	0	*		+
notag:3264	44	2	0	*		+
