notag:1	1	1	0	2Â÷	¼öÁ¤	-
notag:1	2	1	0			-
notag:2	1	1	0			-
notag:3	1	1	0			-
notag:4	1	1	0			-
notag:5	1	1	0			-
notag:6	1	1	0			-
notag:7	1	1	0			-
notag:8	1	1	0			-
notag:9	1	1	0			-
notag:10	1	1	0			-
notag:11	1	1	0			-
notag:12	1	1	0			-
notag:13	1	1	0			-
notag:14	1	1	0			-
notag:15	1	1	0			-
notag:16	1	1	0			-
notag:17	1	1	0			-
notag:18	1	1	0			-
notag:19	1	1	0			-
notag:20	1	1	0			-
notag:21	1	1	0			-
notag:22	1	1	0			-
notag:23	1	1	0			-
notag:24	1	1	0			-
notag:25	1	1	0			-
notag:26	1	1	0			-
notag:27	1	1	0			-
notag:28	1	1	0			-
notag:29	1	1	0			-
notag:30	1	1	0			-
notag:31	1	1	0			-
notag:32	1	1	0			-
notag:33	1	1	0			-
notag:34	1	1	0			-
notag:35	1	1	0			-
notag:36	1	1	0			-
notag:37	1	1	0			-
notag:38	1	1	0			-
notag:39	1	1	0			-
notag:40	1	1	0			-
notag:41	1	1	0			-
notag:42	1	1	0			-
notag:43	1	1	0			-
notag:44	1	1	0			-
notag:45	1	1	0			-
notag:46	1	1	0			-
notag:47	1	1	0			-
notag:48	1	1	0			-
notag:49	1	1	0			-
notag:50	1	1	0			-
notag:51	1	1	0			-
notag:52	1	1	0			-
notag:53	1	1	0			-
notag:54	1	1	0			-
notag:55	1	1	0			-
notag:56	1	1	0			-
notag:57	1	1	0			-
notag:58	1	1	0			-
notag:59	1	1	0			-
notag:60	1	1	0			-
notag:61	1	1	0			-
notag:62	1	1	0			-
notag:63	1	1	0			-
notag:64	1	1	0			-
notag:65	1	1	0			-
notag:66	1	1	0			-
notag:67	1	1	0			-
notag:68	1	1	0			-
notag:69	1	1	0			-
notag:70	1	1	0			-
notag:71	1	1	0			-
notag:72	1	1	0			-
notag:73	1	1	0			-
notag:74	1	1	0			-
notag:75	1	1	0			-
notag:76	1	1	0			-
notag:77	1	1	0			-
notag:78	1	1	0			-
notag:79	1	1	0			-
notag:80	1	1	0			-
notag:81	1	1	0			-
notag:82	1	1	0			-
notag:83	1	1	0			-
notag:84	1	1	0			-
notag:85	1	1	0			-
notag:86	1	1	0			-
notag:87	1	1	0			-
notag:88	1	1	0			-
notag:89	1	1	0			-
notag:90	1	1	0			-
notag:91	1	1	0			-
notag:92	1	1	0			-
notag:93	1	1	0			-
notag:94	1	1	0			-
notag:95	1	1	0			-
notag:96	1	1	0			-
notag:97	1	1	0			-
notag:98	1	1	0			-
notag:99	1	1	0			-
notag:100	1	1	0			-
notag:101	1	1	0			-
notag:102	1	1	0			-
notag:103	1	1	0			-
notag:104	1	1	0			-
notag:105	1	1	0			-
notag:106	1	1	0			-
notag:107	1	1	0			-
notag:108	1	1	0			-
notag:109	1	1	0			-
notag:110	1	1	0			-
notag:111	1	1	0			-
notag:112	1	1	0			-
notag:113	1	1	0			-
notag:114	1	1	0			-
notag:115	1	1	0			-
notag:116	1	1	0			-
notag:117	1	1	0			-
notag:118	1	1	0			-
notag:119	1	1	0			-
notag:120	1	1	0			-
notag:121	1	1	0			-
notag:122	1	1	0			-
notag:123	1	1	0			-
notag:124	1	1	0			-
notag:125	1	1	0			-
notag:126	1	1	0			-
notag:127	1	1	0			-
notag:128	1	1	0			-
notag:130	1	1	0			-
notag:131	1	1	0			-
notag:132	1	1	0			-
notag:133	1	1	0			-
notag:134	1	1	0			-
notag:135	1	1	0			-
notag:136	1	1	0			-
notag:137	1	1	0			-
notag:138	1	1	0			-
notag:139	1	1	0			-
notag:140	1	1	0			-
notag:141	1	1	0			-
notag:142	1	1	0			-
notag:143	1	1	0			-
notag:144	1	1	0			-
notag:145	1	1	0			-
notag:146	1	1	0			-
notag:147	1	1	0			-
notag:148	1	1	0			-
notag:149	1	1	0			-
notag:150	1	1	0			-
notag:151	1	1	0			-
notag:152	1	1	0			-
notag:153	1	1	0			-
notag:154	1	1	0			-
notag:155	1	1	0			-
notag:156	1	1	0			-
notag:157	1	1	0			-
notag:158	1	1	0			-
notag:159	1	1	0			-
notag:160	1	1	0			-
notag:161	1	1	0			-
notag:162	1	1	0			-
notag:163	1	1	0			-
notag:164	1	1	0			-
notag:165	1	1	0			-
notag:166	1	1	0			-
notag:167	1	1	0			-
notag:168	1	1	0			-
notag:169	1	1	0			-
notag:170	1	1	0			-
notag:171	1	1	0			-
notag:172	1	1	0			-
notag:173	1	1	0			-
notag:174	1	1	0			-
notag:175	1	1	0			-
notag:176	1	1	0			-
notag:177	1	1	0			-
notag:178	1	1	0			-
notag:179	1	1	0			-
notag:180	1	1	0			-
notag:181	1	1	0			-
notag:182	1	1	0			-
notag:183	1	1	0			-
notag:184	1	1	0			-
notag:185	1	1	0			-
notag:186	1	1	0			-
notag:187	1	1	0			-
notag:188	1	1	0			-
notag:189	1	1	0			-
notag:190	1	1	0			-
notag:191	1	1	0			-
notag:192	1	1	0			-
notag:193	1	1	0			-
notag:194	1	1	0			-
notag:195	1	1	0			-
notag:196	1	1	0			-
notag:197	1	1	0			-
notag:198	1	1	0			-
notag:199	1	1	0			-
notag:200	1	1	0			-
notag:201	1	1	0			-
notag:202	1	1	0			-
notag:203	1	1	0			-
notag:204	1	1	0			-
notag:205	1	1	0			-
notag:206	1	1	0			-
notag:207	1	1	0			-
notag:208	1	1	0			-
notag:209	1	1	0			-
notag:210	1	1	0			-
notag:211	1	1	0			-
notag:212	1	1	0			-
notag:213	1	1	0			-
notag:214	1	1	0			-
notag:215	1	1	0			-
notag:216	1	1	0			-
notag:217	1	1	0			-
notag:218	1	1	0			-
notag:219	1	1	0			-
notag:220	1	1	0			-
notag:221	1	1	0			-
notag:222	1	1	0			-
notag:223	1	1	0			-
notag:224	1	1	0			-
notag:225	1	1	0			-
notag:226	1	1	0			-
notag:227	1	1	0			-
notag:228	1	1	0			-
notag:229	1	1	0			-
notag:230	1	1	0			-
notag:231	1	1	0			-
notag:232	1	1	0			-
notag:233	1	1	0			-
notag:234	1	1	0			-
notag:235	1	1	0			-
notag:236	1	1	0			-
notag:237	1	1	0			-
notag:238	1	1	0			-
notag:239	1	1	0			-
notag:240	1	1	0			-
notag:241	1	1	0			-
notag:242	1	1	0			-
notag:243	1	1	0			-
notag:244	1	1	0			-
notag:245	1	1	0			-
notag:246	1	1	0			-
notag:247	1	1	0			-
notag:248	1	1	0			-
notag:249	1	1	0			-
notag:250	1	1	0			-
notag:251	1	1	0			-
notag:252	1	1	0			-
notag:253	1	1	0			-
notag:254	1	1	0			-
notag:255	1	1	0			-
notag:256	1	1	0			-
notag:257	1	1	0			-
notag:258	1	1	0			-
notag:259	1	1	0			-
notag:260	1	1	0			-
notag:261	1	1	0			-
notag:262	1	1	0			-
notag:263	1	1	0			-
notag:264	1	1	0			-
notag:265	1	1	0			-
notag:266	1	1	0			-
notag:267	1	1	0			-
notag:268	1	1	0			-
notag:269	1	1	0			-
notag:270	1	1	0			-
notag:271	1	1	0			-
notag:272	1	1	0			-
notag:273	1	1	0			-
notag:274	1	1	0			-
notag:275	1	1	0			-
notag:276	1	1	0			-
notag:277	1	1	0			-
notag:278	1	1	0			-
notag:279	1	1	0			-
notag:280	1	1	0			-
notag:281	1	1	0			-
notag:282	1	1	0			-
notag:283	1	1	0			-
notag:284	1	1	0			-
notag:285	1	1	0			-
notag:286	1	1	0			-
notag:287	1	1	0			-
notag:288	1	1	0			-
notag:289	1	1	0			-
notag:290	1	1	0			-
notag:291	1	1	0			-
notag:292	1	1	0			-
notag:293	1	1	0			-
notag:294	1	1	0			-
notag:296	1	1	0			-
notag:297	1	1	0			-
notag:298	1	1	0			-
notag:299	1	1	0			-
notag:300	1	1	0			-
notag:301	1	1	0			-
notag:302	1	1	0			-
notag:303	1	1	0			-
notag:304	1	1	0			-
notag:305	1	1	0			-
notag:306	1	1	0			-
notag:307	1	1	0			-
notag:308	1	1	0			-
notag:309	1	1	0			-
notag:310	1	1	0			-
notag:311	1	1	0			-
notag:312	1	1	0			-
notag:313	1	1	0			-
notag:314	1	1	0			-
notag:315	1	1	0			-
notag:316	1	1	0			-
notag:317	1	1	0			-
notag:318	1	1	0			-
notag:319	1	1	0			-
notag:320	1	1	0			-
notag:321	1	1	0			-
notag:322	1	1	0			-
notag:323	1	1	0			-
notag:324	1	1	0			-
notag:325	1	1	0			-
notag:326	1	1	0			-
notag:327	1	1	0			-
notag:328	1	1	0			-
notag:329	1	1	0			-
notag:330	1	1	0			-
notag:331	1	1	0			-
notag:332	1	1	0			-
notag:333	1	1	0			-
notag:334	1	1	0			-
notag:335	1	1	0			-
notag:336	1	1	0			-
notag:337	1	1	0			-
notag:338	1	1	0			-
notag:339	1	1	0			-
notag:340	1	1	0			-
notag:341	1	1	0			-
notag:342	1	1	0			-
notag:343	1	1	0			-
notag:344	1	1	0			-
notag:345	1	1	0			-
notag:346	1	1	0			-
notag:347	1	1	0			-
notag:348	1	1	0			-
notag:349	1	1	0			-
notag:350	1	1	0			-
notag:351	1	1	0			-
notag:352	1	1	0			-
notag:353	1	1	0			-
notag:354	1	1	0			-
notag:355	1	1	0			-
notag:356	1	1	0			-
notag:357	1	1	0			-
notag:358	1	1	0			-
notag:359	1	1	0			-
notag:360	1	1	0			-
notag:361	1	1	0			-
notag:362	1	1	0			-
notag:363	1	1	0			-
notag:364	1	1	0			-
notag:365	1	1	0			-
notag:366	1	1	0			-
notag:367	1	1	0			-
notag:368	1	1	0			-
notag:369	1	1	0			-
notag:370	1	1	0			-
notag:371	1	1	0			-
notag:372	1	1	0			-
notag:373	1	1	0			-
notag:374	1	1	0			-
notag:375	1	1	0			-
notag:376	1	1	0			-
notag:377	1	1	0			-
notag:378	1	1	0			-
notag:379	1	1	0			-
notag:380	1	1	0			-
notag:381	1	1	0			-
notag:382	1	1	0			-
notag:383	1	1	0			-
notag:384	1	1	0			-
