notag:46	17	1	0	이뤄지고	이루.pvg	+
replace tag:46	17	1	0	이뤄지고	이루.	pvg	+
notag:46	17	2	0	*		.
notag:85	6	1	0	콸라룸푸르	'아세안	+
notag:85	6	2	0	*		.
notag:91	16	2	0	*	하xsv	+
replace tag:91	16	2	0	*	하	xsv	+
notag:91	16	3	0	*		.
notag:95	20	4	0	*	"	+
notag:105	8	2	0	*	하xsv	+
replace tag:105	8	2	0	*	하	xsv	+
notag:105	8	3	0	*		.
notag:116	20	5	0	*		+
notag:126	10	2	0	*	는	.
notag:128	8	6	0	*	.	.
notag:134	9	2	0	*		+
notag:143	10	2	0	*	은	.
notag:232	2	3	0	*	로	.
notag:233	10	2	0	*	하xsv	+
replace tag:233	10	2	0	*	하	xsv	+
notag:233	10	3	0	*		.
notag:237	8	2	0	*	식	.
notag:260	8	4	0	*	을	.
notag:266	6	7	0	*	원	.
notag:270	13	2	0	*	하xsv	+
replace tag:270	13	2	0	*	하	xsv	+
notag:270	13	3	0	*		.
notag:272	11	2	0	*	는	.
notag:321	13	2	0	*		.
notag:342	9	2	0	*		+
notag:380	12	2	0	*	하xsv	+
replace tag:380	12	2	0	*	하	xsv	+
notag:380	12	3	0	*		.
notag:380	14	2	0	*	을	.
notag:455	8	3	0	*		.
notag:506	16	2	0	*	을	.
notag:508	1	2	0	*	는	.
notag:519	8	4	0	*	는	.
notag:526	11	2	0	*	은	.
notag:532	23	2	0	*	하xsv	+
replace tag:532	23	2	0	*	하	xsv	+
notag:532	23	3	0	*		.
notag:539	18	7	0	*	을	.
notag:627	28	4	0	*	"	+
notag:637	7	2	0	*	하xsv	+
replace tag:637	7	2	0	*	하	xsv	+
notag:637	7	3	0	*		.
notag:664	29	2	0	*		.
notag:679	7	2	0	*	하xsv	+
replace tag:679	7	2	0	*	하	xsv	+
notag:679	7	3	0	*		.
notag:695	20	2	0	*		.
notag:708	9	2	0	*	년nbu	+
replace tag:708	9	2	0	*	년	nbu	+
notag:708	9	3	0	*		.
notag:709	17	3	0	*		.
notag:735	2	2	0	*	어ecs	+
replace tag:735	2	2	0	*	어	ecs	+
notag:735	2	3	0	*		.
notag:740	18	3	0	*		+
notag:762	4	3	0	*	지xsn	.
replace tag:762	4	3	0	*	지	xsn	.
notag:781	19	2	0	*	어ecx	+
replace tag:781	19	2	0	*	어	ecx	+
notag:781	19	3	0	*		.
notag:785	12	4	0	*	는데ecs	+
replace tag:785	12	4	0	*	는데	ecs	+
notag:785	12	5	0	*		.
notag:823	13	2	0	*	하xsv	+
replace tag:823	13	2	0	*	하	xsv	+
notag:823	13	3	0	*		.
notag:833	21	2	0	*	하xsv	+
replace tag:833	21	2	0	*	하	xsv	+
notag:833	21	3	0	*		.
notag:878	22	1	0	못했다"고	못하px	+
replace tag:878	22	1	0	못했다"고	못하	px	+
notag:878	22	2	0	*		.
notag:883	1	1	0	김충근대변인도	김충근nq	+
replace tag:883	1	1	0	김충근대변인도	김충근	nq	+
notag:883	1	2	0	*		.
notag:954	18	2	0	*		.
notag:959	14	2	0	*	하xsv	+
replace tag:959	14	2	0	*	하	xsv	+
notag:959	14	3	0	*		.
notag:978	12	2	0	*		.
notag:1006	1	6	0	*	패ncn	+
replace tag:1006	1	6	0	*	패	ncn	+
notag:1006	1	7	0	*		.
notag:1023	9	2	0	*		.
