notag:17	4	2	0	*		+
notag:69	4	2	0	*		+
notag:73	13	2	0	*	관계ncn	+
replace tag:73	13	2	0	*	관계	ncn	+
notag:73	13	3	0	*		.
notag:74	19	1	0	관계는	관계ncn	+
replace tag:74	19	1	0	관계는	관계	ncn	+
notag:74	19	2	0	*		.
notag:206	16	2	0	*	의식ncps	+
replace tag:206	16	2	0	*	의식	ncps	+
notag:206	16	3	0	*		.
notag:279	7	1	0			-
notag:308	8	2	0	*	관계ncn	+
replace tag:308	8	2	0	*	관계	ncn	+
notag:308	8	3	0	*		.
notag:320	4	2	0	*		+
notag:373	4	2	0	*		+
notag:434	13	2	0	*	dmfm	.
notag:461	9	1	0	성산업이	성ncn	+
replace tag:461	9	1	0	성산업이	성	ncn	+
notag:461	9	2	0	*		.
notag:843	2	1	0	사랑해야	사랑.ncpa	+
replace tag:843	2	1	0	사랑해야	사랑.	ncpa	+
notag:843	2	2	0	*		.
notag:884	1	2	0	*	을	+
notag:884	1	3	0	*	jco	.
replace tag:884	1	3	0	*		jco	.
notag:923	6	4	0	*		+
notag:934	16	2	0	*	에서	+
notag:934	16	3	0	*	jcs	+
replace tag:934	16	3	0	*		jcs	+
notag:934	16	4	0	*		.
notag:938	12	2	0	*	관계	+
notag:938	12	3	0	*	ncn	+
replace tag:938	12	3	0	*		ncn	+
notag:938	12	4	0	*		.
notag:979	1	2	0	*	는jxc	.
replace tag:979	1	2	0	*	는	jxc	.
